0 info it worked if it ends with ok
1 verbose cli [ '/usr/bin/nodejs', '/usr/bin/npm', 'install', 'normalize.css' ]
2 info using npm@1.3.10
3 info using node@v0.10.25
4 verbose cache add [ 'normalize.css', null ]
5 verbose cache add name=undefined spec="normalize.css" args=["normalize.css",null]
6 verbose parsed url { protocol: null,
6 verbose parsed url   slashes: null,
6 verbose parsed url   auth: null,
6 verbose parsed url   host: null,
6 verbose parsed url   port: null,
6 verbose parsed url   hostname: null,
6 verbose parsed url   hash: null,
6 verbose parsed url   search: null,
6 verbose parsed url   query: null,
6 verbose parsed url   pathname: 'normalize.css',
6 verbose parsed url   path: 'normalize.css',
6 verbose parsed url   href: 'normalize.css' }
7 silly lockFile baf8eabf-normalize-css normalize.css
8 verbose lock normalize.css /home/vinicius/.npm/baf8eabf-normalize-css.lock
9 silly lockFile baf8eabf-normalize-css normalize.css
10 silly lockFile baf8eabf-normalize-css normalize.css
11 verbose addNamed [ 'normalize.css', '' ]
12 verbose addNamed [ null, '*' ]
13 silly lockFile 70dd7003-normalize-css normalize.css@
14 verbose lock normalize.css@ /home/vinicius/.npm/70dd7003-normalize-css.lock
15 silly addNameRange { name: 'normalize.css', range: '*', hasData: false }
16 verbose url raw normalize.css
17 verbose url resolving [ 'https://registry.npmjs.org/', './normalize.css' ]
18 verbose url resolved https://registry.npmjs.org/normalize.css
19 info trying registry request attempt 1 at 23:39:00
20 http GET https://registry.npmjs.org/normalize.css
21 info retry will retry, error on last attempt: Error: getaddrinfo ENOTFOUND
22 info trying registry request attempt 2 at 23:39:10
23 http GET https://registry.npmjs.org/normalize.css
24 info retry will retry, error on last attempt: Error: getaddrinfo ENOTFOUND
25 info trying registry request attempt 3 at 23:40:10
26 http GET https://registry.npmjs.org/normalize.css
27 silly lockFile 70dd7003-normalize-css normalize.css@
28 silly lockFile 70dd7003-normalize-css normalize.css@
29 error network getaddrinfo ENOTFOUND
29 error network This is most likely not a problem with npm itself
29 error network and is related to network connectivity.
29 error network In most cases you are behind a proxy or have bad network settings.
29 error network
29 error network If you are behind a proxy, please make sure that the
29 error network 'proxy' config is set properly.  See: 'npm help config'
30 error System Linux 3.13.0-39-generic
31 error command "/usr/bin/nodejs" "/usr/bin/npm" "install" "normalize.css"
32 error cwd /var/www/bourbonplay
33 error node -v v0.10.25
34 error npm -v 1.3.10
35 error syscall getaddrinfo
36 error code ENOTFOUND
37 error errno ENOTFOUND
38 verbose exit [ 1, true ]
